<?xml version="1.0" encoding="UTF-8"?>
<!-- Generated by org.testng.reporters.JUnitReportReporter -->
<testsuite hostname="IN5CD6335WYY" name="testPom.ExtntrprtTstng" tests="2" failures="0" timestamp="18 Jul 2019 07:24:11 GMT" time="55.062" errors="0">
  <testcase name="a2" time="38.817" classname="testPom.ExtntrprtTstng"/>
  <testcase name="a5" time="16.245" classname="testPom.ExtntrprtTstng"/>
</testsuite> <!-- testPom.ExtntrprtTstng -->
