<?xml version="1.0" encoding="UTF-8"?>
<!-- Generated by org.testng.reporters.JUnitReportReporter -->
<testsuite hostname="IN5CD6335WYY" name="testNg.Multiplebrowsers" tests="1" failures="0" timestamp="23 Jul 2019 07:23:50 GMT" time="14.947" errors="0">
  <testcase name="tst1" time="14.947" classname="testNg.Multiplebrowsers"/>
</testsuite> <!-- testNg.Multiplebrowsers -->
